[debug] [2025-09-02T13:40:59.664Z] ----------------------------------------------------------------------
[debug] [2025-09-02T13:40:59.666Z] Command:       C:\Program Files\nodejs\node.exe C:\Users\WCWZ\AppData\Roaming\npm\node_modules\firebase-tools\lib\bin\firebase.js emulators:start --only auth
[debug] [2025-09-02T13:40:59.667Z] CLI Version:   14.15.1
[debug] [2025-09-02T13:40:59.667Z] Platform:      win32
[debug] [2025-09-02T13:40:59.667Z] Node Version:  v20.17.0
[debug] [2025-09-02T13:40:59.667Z] Time:          Tue Sep 02 2025 17:40:59 GMT+0400 (Gulf Standard Time)
[debug] [2025-09-02T13:40:59.667Z] ----------------------------------------------------------------------
[debug] 
[debug] [2025-09-02T13:40:59.669Z] >>> [apiv2][query] GET https://firebase-public.firebaseio.com/cli.json [none]
[debug] [2025-09-02T13:40:59.939Z] > command requires scopes: ["email","openid","https://www.googleapis.com/auth/cloudplatformprojects.readonly","https://www.googleapis.com/auth/firebase","https://www.googleapis.com/auth/cloud-platform"]
[debug] [2025-09-02T13:40:59.939Z] > authorizing via signed-in user (walduae101@gmail.com)
[info] i  emulators: Starting emulators: auth {"metadata":{"emulator":{"name":"hub"},"message":"Starting emulators: auth"}}
[debug] [2025-09-02T13:40:59.952Z] [logging] Logging Emulator only supports listening on one address (127.0.0.1). Not listening on ::1
[debug] [2025-09-02T13:40:59.952Z] [auth] Authentication Emulator only supports listening on one address (127.0.0.1). Not listening on ::1
[debug] [2025-09-02T13:40:59.952Z] assigned listening specs for emulators {"user":{"hub":[{"address":"127.0.0.1","family":"IPv4","port":4400},{"address":"::1","family":"IPv6","port":4400}],"ui":[{"address":"127.0.0.1","family":"IPv4","port":4000},{"address":"::1","family":"IPv6","port":4000}],"logging":[{"address":"127.0.0.1","family":"IPv4","port":4500}],"auth":[{"address":"127.0.0.1","family":"IPv4","port":9099}]},"metadata":{"message":"assigned listening specs for emulators"}}
[debug] [2025-09-02T13:40:59.956Z] [hub] writing locator at C:\Users\WCWZ\AppData\Local\Temp\hub-walduae-project-20250809071906.json
[info] i  ui: downloading ui-v1.15.0.zip... {"metadata":{"emulator":{"name":"ui"},"message":"downloading ui-v1.15.0.zip..."}}
[debug] [2025-09-02T13:41:07.035Z] >>> [apiv2][query] GET https://storage.googleapis.com/firebase-preview-drop/emulator/ui-v1.15.0.zip 
[debug] [2025-09-02T13:41:07.265Z] <<< [apiv2][status] GET https://storage.googleapis.com/firebase-preview-drop/emulator/ui-v1.15.0.zip 200
[debug] [2025-09-02T13:41:07.265Z] <<< [apiv2][body] GET https://storage.googleapis.com/firebase-preview-drop/emulator/ui-v1.15.0.zip [stream]
[debug] [2025-09-02T13:41:07.513Z] <<< [apiv2][status] GET https://firebase-public.firebaseio.com/cli.json 200
[debug] [2025-09-02T13:41:07.514Z] <<< [apiv2][body] GET https://firebase-public.firebaseio.com/cli.json {"cloudBuildErrorAfter":1594252800000,"cloudBuildWarnAfter":1590019200000,"defaultNode10After":1594252800000,"minVersion":"3.0.5","node8DeploysDisabledAfter":1613390400000,"node8RuntimeDisabledAfter":1615809600000,"node8WarnAfter":1600128000000}
[debug] [2025-09-02T13:41:08.733Z] Data is 3538469
[debug] [2025-09-02T13:41:08.733Z] [unzip] Entry: client/ (compressed_size=0 bytes, uncompressed_size=0 bytes)
[debug] [2025-09-02T13:41:08.733Z] [unzip] Processing entry: client\
[debug] [2025-09-02T13:41:08.733Z] [unzip] mkdir: C:\Users\WCWZ\.cache\firebase\emulators\ui-v1.15.0\client\
[debug] [2025-09-02T13:41:08.734Z] [unzip] Entry: client/favicon-16x16.png (compressed_size=293 bytes, uncompressed_size=293 bytes)
[debug] [2025-09-02T13:41:08.735Z] [unzip] Processing entry: client\favicon-16x16.png
[debug] [2025-09-02T13:41:08.735Z] [unzip] else mkdir: C:\Users\WCWZ\.cache\firebase\emulators\ui-v1.15.0\client
[debug] [2025-09-02T13:41:08.735Z] [unzip] Writing file: C:\Users\WCWZ\.cache\firebase\emulators\ui-v1.15.0\client\favicon-16x16.png
[debug] [2025-09-02T13:41:08.736Z] [unzip] Entry: client/safari-pinned-tab.svg (compressed_size=1433 bytes, uncompressed_size=2611 bytes)
[debug] [2025-09-02T13:41:08.736Z] [unzip] Processing entry: client\safari-pinned-tab.svg
[debug] [2025-09-02T13:41:08.736Z] [unzip] else mkdir: C:\Users\WCWZ\.cache\firebase\emulators\ui-v1.15.0\client
[debug] [2025-09-02T13:41:08.737Z] [unzip] deflating: C:\Users\WCWZ\.cache\firebase\emulators\ui-v1.15.0\client\safari-pinned-tab.svg
[debug] [2025-09-02T13:41:08.740Z] [unzip] Entry: client/favicon.ico (compressed_size=2933 bytes, uncompressed_size=13294 bytes)
[debug] [2025-09-02T13:41:08.740Z] [unzip] Processing entry: client\favicon.ico
[debug] [2025-09-02T13:41:08.741Z] [unzip] else mkdir: C:\Users\WCWZ\.cache\firebase\emulators\ui-v1.15.0\client
[debug] [2025-09-02T13:41:08.741Z] [unzip] deflating: C:\Users\WCWZ\.cache\firebase\emulators\ui-v1.15.0\client\favicon.ico
[debug] [2025-09-02T13:41:08.743Z] [unzip] Entry: client/index.html (compressed_size=1364 bytes, uncompressed_size=3071 bytes)
[debug] [2025-09-02T13:41:08.743Z] [unzip] Processing entry: client\index.html
[debug] [2025-09-02T13:41:08.743Z] [unzip] else mkdir: C:\Users\WCWZ\.cache\firebase\emulators\ui-v1.15.0\client
[debug] [2025-09-02T13:41:08.743Z] [unzip] deflating: C:\Users\WCWZ\.cache\firebase\emulators\ui-v1.15.0\client\index.html
[debug] [2025-09-02T13:41:08.745Z] [unzip] Entry: client/android-chrome-192x192.png (compressed_size=2684 bytes, uncompressed_size=2684 bytes)
[debug] [2025-09-02T13:41:08.745Z] [unzip] Processing entry: client\android-chrome-192x192.png
[debug] [2025-09-02T13:41:08.745Z] [unzip] else mkdir: C:\Users\WCWZ\.cache\firebase\emulators\ui-v1.15.0\client
[debug] [2025-09-02T13:41:08.745Z] [unzip] Writing file: C:\Users\WCWZ\.cache\firebase\emulators\ui-v1.15.0\client\android-chrome-192x192.png
[debug] [2025-09-02T13:41:08.746Z] [unzip] Entry: client/apple-touch-icon.png (compressed_size=2123 bytes, uncompressed_size=2152 bytes)
[debug] [2025-09-02T13:41:08.746Z] [unzip] Processing entry: client\apple-touch-icon.png
[debug] [2025-09-02T13:41:08.746Z] [unzip] else mkdir: C:\Users\WCWZ\.cache\firebase\emulators\ui-v1.15.0\client
[debug] [2025-09-02T13:41:08.747Z] [unzip] deflating: C:\Users\WCWZ\.cache\firebase\emulators\ui-v1.15.0\client\apple-touch-icon.png
[debug] [2025-09-02T13:41:08.748Z] [unzip] Entry: client/android-chrome-512x512.png (compressed_size=5369 bytes, uncompressed_size=5411 bytes)
[debug] [2025-09-02T13:41:08.748Z] [unzip] Processing entry: client\android-chrome-512x512.png
[debug] [2025-09-02T13:41:08.748Z] [unzip] else mkdir: C:\Users\WCWZ\.cache\firebase\emulators\ui-v1.15.0\client
[debug] [2025-09-02T13:41:08.748Z] [unzip] deflating: C:\Users\WCWZ\.cache\firebase\emulators\ui-v1.15.0\client\android-chrome-512x512.png
[debug] [2025-09-02T13:41:08.750Z] [unzip] Entry: client/manifest.json (compressed_size=245 bytes, uncompressed_size=551 bytes)
[debug] [2025-09-02T13:41:08.750Z] [unzip] Processing entry: client\manifest.json
[debug] [2025-09-02T13:41:08.750Z] [unzip] else mkdir: C:\Users\WCWZ\.cache\firebase\emulators\ui-v1.15.0\client
[debug] [2025-09-02T13:41:08.750Z] [unzip] deflating: C:\Users\WCWZ\.cache\firebase\emulators\ui-v1.15.0\client\manifest.json
[debug] [2025-09-02T13:41:08.752Z] [unzip] Entry: client/robots.txt (compressed_size=26 bytes, uncompressed_size=26 bytes)
[debug] [2025-09-02T13:41:08.752Z] [unzip] Processing entry: client\robots.txt
[debug] [2025-09-02T13:41:08.752Z] [unzip] else mkdir: C:\Users\WCWZ\.cache\firebase\emulators\ui-v1.15.0\client
[debug] [2025-09-02T13:41:08.752Z] [unzip] Writing file: C:\Users\WCWZ\.cache\firebase\emulators\ui-v1.15.0\client\robots.txt
[debug] [2025-09-02T13:41:08.753Z] [unzip] Entry: client/mstile-150x150.png (compressed_size=2034 bytes, uncompressed_size=2034 bytes)
[debug] [2025-09-02T13:41:08.753Z] [unzip] Processing entry: client\mstile-150x150.png
[debug] [2025-09-02T13:41:08.753Z] [unzip] else mkdir: C:\Users\WCWZ\.cache\firebase\emulators\ui-v1.15.0\client
[debug] [2025-09-02T13:41:08.754Z] [unzip] Writing file: C:\Users\WCWZ\.cache\firebase\emulators\ui-v1.15.0\client\mstile-150x150.png
[debug] [2025-09-02T13:41:08.754Z] [unzip] Entry: client/assets/ (compressed_size=0 bytes, uncompressed_size=0 bytes)
[debug] [2025-09-02T13:41:08.754Z] [unzip] Processing entry: client\assets\
[debug] [2025-09-02T13:41:08.754Z] [unzip] mkdir: C:\Users\WCWZ\.cache\firebase\emulators\ui-v1.15.0\client\assets\
[debug] [2025-09-02T13:41:08.755Z] [unzip] Entry: client/assets/index-BX-A56oj.js (compressed_size=582089 bytes, uncompressed_size=2092775 bytes)
[debug] [2025-09-02T13:41:08.755Z] [unzip] Processing entry: client\assets\index-BX-A56oj.js
[debug] [2025-09-02T13:41:08.755Z] [unzip] else mkdir: C:\Users\WCWZ\.cache\firebase\emulators\ui-v1.15.0\client\assets
[debug] [2025-09-02T13:41:08.755Z] [unzip] deflating: C:\Users\WCWZ\.cache\firebase\emulators\ui-v1.15.0\client\assets\index-BX-A56oj.js
[debug] [2025-09-02T13:41:08.769Z] [unzip] Entry: client/assets/index-CjB9C900.css (compressed_size=35979 bytes, uncompressed_size=298654 bytes)
[debug] [2025-09-02T13:41:08.769Z] [unzip] Processing entry: client\assets\index-CjB9C900.css
[debug] [2025-09-02T13:41:08.769Z] [unzip] else mkdir: C:\Users\WCWZ\.cache\firebase\emulators\ui-v1.15.0\client\assets
[debug] [2025-09-02T13:41:08.770Z] [unzip] deflating: C:\Users\WCWZ\.cache\firebase\emulators\ui-v1.15.0\client\assets\index-CjB9C900.css
[debug] [2025-09-02T13:41:08.772Z] [unzip] Entry: client/assets/index-BX-A56oj.js.map (compressed_size=2362482 bytes, uncompressed_size=10036679 bytes)
[debug] [2025-09-02T13:41:08.772Z] [unzip] Processing entry: client\assets\index-BX-A56oj.js.map
[debug] [2025-09-02T13:41:08.773Z] [unzip] else mkdir: C:\Users\WCWZ\.cache\firebase\emulators\ui-v1.15.0\client\assets
[debug] [2025-09-02T13:41:08.773Z] [unzip] deflating: C:\Users\WCWZ\.cache\firebase\emulators\ui-v1.15.0\client\assets\index-BX-A56oj.js.map
[debug] [2025-09-02T13:41:08.836Z] [unzip] Entry: client/assets/extensions/ (compressed_size=0 bytes, uncompressed_size=0 bytes)
[debug] [2025-09-02T13:41:08.836Z] [unzip] Processing entry: client\assets\extensions\
[debug] [2025-09-02T13:41:08.836Z] [unzip] mkdir: C:\Users\WCWZ\.cache\firebase\emulators\ui-v1.15.0\client\assets\extensions\
[debug] [2025-09-02T13:41:08.837Z] [unzip] Entry: client/assets/extensions/default-extension.png (compressed_size=1646 bytes, uncompressed_size=1657 bytes)
[debug] [2025-09-02T13:41:08.837Z] [unzip] Processing entry: client\assets\extensions\default-extension.png
[debug] [2025-09-02T13:41:08.837Z] [unzip] else mkdir: C:\Users\WCWZ\.cache\firebase\emulators\ui-v1.15.0\client\assets\extensions
[debug] [2025-09-02T13:41:08.837Z] [unzip] deflating: C:\Users\WCWZ\.cache\firebase\emulators\ui-v1.15.0\client\assets\extensions\default-extension.png
[debug] [2025-09-02T13:41:08.838Z] [unzip] Entry: client/assets/img/ (compressed_size=0 bytes, uncompressed_size=0 bytes)
[debug] [2025-09-02T13:41:08.839Z] [unzip] Processing entry: client\assets\img\
[debug] [2025-09-02T13:41:08.839Z] [unzip] mkdir: C:\Users\WCWZ\.cache\firebase\emulators\ui-v1.15.0\client\assets\img\
[debug] [2025-09-02T13:41:08.839Z] [unzip] Entry: client/assets/img/database.png (compressed_size=29449 bytes, uncompressed_size=29988 bytes)
[debug] [2025-09-02T13:41:08.839Z] [unzip] Processing entry: client\assets\img\database.png
[debug] [2025-09-02T13:41:08.839Z] [unzip] else mkdir: C:\Users\WCWZ\.cache\firebase\emulators\ui-v1.15.0\client\assets\img
[debug] [2025-09-02T13:41:08.839Z] [unzip] deflating: C:\Users\WCWZ\.cache\firebase\emulators\ui-v1.15.0\client\assets\img\database.png
[debug] [2025-09-02T13:41:08.841Z] [unzip] Entry: client/assets/provider-icons/ (compressed_size=0 bytes, uncompressed_size=0 bytes)
[debug] [2025-09-02T13:41:08.841Z] [unzip] Processing entry: client\assets\provider-icons\
[debug] [2025-09-02T13:41:08.841Z] [unzip] mkdir: C:\Users\WCWZ\.cache\firebase\emulators\ui-v1.15.0\client\assets\provider-icons\
[debug] [2025-09-02T13:41:08.841Z] [unzip] Entry: client/assets/provider-icons/auth_service_saml.svg (compressed_size=575 bytes, uncompressed_size=1226 bytes)
[debug] [2025-09-02T13:41:08.841Z] [unzip] Processing entry: client\assets\provider-icons\auth_service_saml.svg
[debug] [2025-09-02T13:41:08.841Z] [unzip] else mkdir: C:\Users\WCWZ\.cache\firebase\emulators\ui-v1.15.0\client\assets\provider-icons
[debug] [2025-09-02T13:41:08.842Z] [unzip] deflating: C:\Users\WCWZ\.cache\firebase\emulators\ui-v1.15.0\client\assets\provider-icons\auth_service_saml.svg
[debug] [2025-09-02T13:41:08.843Z] [unzip] Entry: client/assets/provider-icons/auth_service_phone.svg (compressed_size=261 bytes, uncompressed_size=414 bytes)
[debug] [2025-09-02T13:41:08.843Z] [unzip] Processing entry: client\assets\provider-icons\auth_service_phone.svg
[debug] [2025-09-02T13:41:08.843Z] [unzip] else mkdir: C:\Users\WCWZ\.cache\firebase\emulators\ui-v1.15.0\client\assets\provider-icons
[debug] [2025-09-02T13:41:08.843Z] [unzip] deflating: C:\Users\WCWZ\.cache\firebase\emulators\ui-v1.15.0\client\assets\provider-icons\auth_service_phone.svg
[debug] [2025-09-02T13:41:08.845Z] [unzip] Entry: client/assets/provider-icons/auth_service_facebook.svg (compressed_size=289 bytes, uncompressed_size=457 bytes)
[debug] [2025-09-02T13:41:08.845Z] [unzip] Processing entry: client\assets\provider-icons\auth_service_facebook.svg
[debug] [2025-09-02T13:41:08.845Z] [unzip] else mkdir: C:\Users\WCWZ\.cache\firebase\emulators\ui-v1.15.0\client\assets\provider-icons
[debug] [2025-09-02T13:41:08.845Z] [unzip] deflating: C:\Users\WCWZ\.cache\firebase\emulators\ui-v1.15.0\client\assets\provider-icons\auth_service_facebook.svg
[debug] [2025-09-02T13:41:08.846Z] [unzip] Entry: client/assets/provider-icons/auth_service_game_center.svg (compressed_size=991 bytes, uncompressed_size=3921 bytes)
[debug] [2025-09-02T13:41:08.846Z] [unzip] Processing entry: client\assets\provider-icons\auth_service_game_center.svg
[debug] [2025-09-02T13:41:08.846Z] [unzip] else mkdir: C:\Users\WCWZ\.cache\firebase\emulators\ui-v1.15.0\client\assets\provider-icons
[debug] [2025-09-02T13:41:08.847Z] [unzip] deflating: C:\Users\WCWZ\.cache\firebase\emulators\ui-v1.15.0\client\assets\provider-icons\auth_service_game_center.svg
[debug] [2025-09-02T13:41:08.847Z] [unzip] Entry: client/assets/provider-icons/auth_service_apple.svg (compressed_size=230 bytes, uncompressed_size=334 bytes)
[debug] [2025-09-02T13:41:08.848Z] [unzip] Processing entry: client\assets\provider-icons\auth_service_apple.svg
[debug] [2025-09-02T13:41:08.848Z] [unzip] else mkdir: C:\Users\WCWZ\.cache\firebase\emulators\ui-v1.15.0\client\assets\provider-icons
[debug] [2025-09-02T13:41:08.848Z] [unzip] deflating: C:\Users\WCWZ\.cache\firebase\emulators\ui-v1.15.0\client\assets\provider-icons\auth_service_apple.svg
[debug] [2025-09-02T13:41:08.849Z] [unzip] Entry: client/assets/provider-icons/auth_service_github.svg (compressed_size=466 bytes, uncompressed_size=838 bytes)
[debug] [2025-09-02T13:41:08.849Z] [unzip] Processing entry: client\assets\provider-icons\auth_service_github.svg
[debug] [2025-09-02T13:41:08.849Z] [unzip] else mkdir: C:\Users\WCWZ\.cache\firebase\emulators\ui-v1.15.0\client\assets\provider-icons
[debug] [2025-09-02T13:41:08.849Z] [unzip] deflating: C:\Users\WCWZ\.cache\firebase\emulators\ui-v1.15.0\client\assets\provider-icons\auth_service_github.svg
[debug] [2025-09-02T13:41:08.850Z] [unzip] Entry: client/assets/provider-icons/auth_service_mslive.svg (compressed_size=203 bytes, uncompressed_size=378 bytes)
[debug] [2025-09-02T13:41:08.851Z] [unzip] Processing entry: client\assets\provider-icons\auth_service_mslive.svg
[debug] [2025-09-02T13:41:08.851Z] [unzip] else mkdir: C:\Users\WCWZ\.cache\firebase\emulators\ui-v1.15.0\client\assets\provider-icons
[debug] [2025-09-02T13:41:08.851Z] [unzip] deflating: C:\Users\WCWZ\.cache\firebase\emulators\ui-v1.15.0\client\assets\provider-icons\auth_service_mslive.svg
[debug] [2025-09-02T13:41:08.852Z] [unzip] Entry: client/assets/provider-icons/auth_service_yahoo.svg (compressed_size=577 bytes, uncompressed_size=1182 bytes)
[debug] [2025-09-02T13:41:08.852Z] [unzip] Processing entry: client\assets\provider-icons\auth_service_yahoo.svg
[debug] [2025-09-02T13:41:08.853Z] [unzip] else mkdir: C:\Users\WCWZ\.cache\firebase\emulators\ui-v1.15.0\client\assets\provider-icons
[debug] [2025-09-02T13:41:08.853Z] [unzip] deflating: C:\Users\WCWZ\.cache\firebase\emulators\ui-v1.15.0\client\assets\provider-icons\auth_service_yahoo.svg
[debug] [2025-09-02T13:41:08.854Z] [unzip] Entry: client/assets/provider-icons/auth_service_twitter.svg (compressed_size=444 bytes, uncompressed_size=751 bytes)
[debug] [2025-09-02T13:41:08.854Z] [unzip] Processing entry: client\assets\provider-icons\auth_service_twitter.svg
[debug] [2025-09-02T13:41:08.854Z] [unzip] else mkdir: C:\Users\WCWZ\.cache\firebase\emulators\ui-v1.15.0\client\assets\provider-icons
[debug] [2025-09-02T13:41:08.854Z] [unzip] deflating: C:\Users\WCWZ\.cache\firebase\emulators\ui-v1.15.0\client\assets\provider-icons\auth_service_twitter.svg
[debug] [2025-09-02T13:41:08.855Z] [unzip] Entry: client/assets/provider-icons/auth_service_play_games.svg (compressed_size=565 bytes, uncompressed_size=1173 bytes)
[debug] [2025-09-02T13:41:08.855Z] [unzip] Processing entry: client\assets\provider-icons\auth_service_play_games.svg
[debug] [2025-09-02T13:41:08.855Z] [unzip] else mkdir: C:\Users\WCWZ\.cache\firebase\emulators\ui-v1.15.0\client\assets\provider-icons
[debug] [2025-09-02T13:41:08.855Z] [unzip] deflating: C:\Users\WCWZ\.cache\firebase\emulators\ui-v1.15.0\client\assets\provider-icons\auth_service_play_games.svg
[debug] [2025-09-02T13:41:08.856Z] [unzip] Entry: client/assets/provider-icons/auth_service_email.svg (compressed_size=228 bytes, uncompressed_size=326 bytes)
[debug] [2025-09-02T13:41:08.856Z] [unzip] Processing entry: client\assets\provider-icons\auth_service_email.svg
[debug] [2025-09-02T13:41:08.856Z] [unzip] else mkdir: C:\Users\WCWZ\.cache\firebase\emulators\ui-v1.15.0\client\assets\provider-icons
[debug] [2025-09-02T13:41:08.857Z] [unzip] deflating: C:\Users\WCWZ\.cache\firebase\emulators\ui-v1.15.0\client\assets\provider-icons\auth_service_email.svg
[debug] [2025-09-02T13:41:08.858Z] [unzip] Entry: client/assets/provider-icons/auth_service_google.svg (compressed_size=409 bytes, uncompressed_size=720 bytes)
[debug] [2025-09-02T13:41:08.858Z] [unzip] Processing entry: client\assets\provider-icons\auth_service_google.svg
[debug] [2025-09-02T13:41:08.858Z] [unzip] else mkdir: C:\Users\WCWZ\.cache\firebase\emulators\ui-v1.15.0\client\assets\provider-icons
[debug] [2025-09-02T13:41:08.858Z] [unzip] deflating: C:\Users\WCWZ\.cache\firebase\emulators\ui-v1.15.0\client\assets\provider-icons\auth_service_google.svg
[debug] [2025-09-02T13:41:08.859Z] [unzip] Entry: client/assets/provider-icons/auth_service_oidc.svg (compressed_size=414 bytes, uncompressed_size=858 bytes)
[debug] [2025-09-02T13:41:08.859Z] [unzip] Processing entry: client\assets\provider-icons\auth_service_oidc.svg
[debug] [2025-09-02T13:41:08.859Z] [unzip] else mkdir: C:\Users\WCWZ\.cache\firebase\emulators\ui-v1.15.0\client\assets\provider-icons
[debug] [2025-09-02T13:41:08.860Z] [unzip] deflating: C:\Users\WCWZ\.cache\firebase\emulators\ui-v1.15.0\client\assets\provider-icons\auth_service_oidc.svg
[debug] [2025-09-02T13:41:08.861Z] [unzip] Entry: client/browserconfig.xml (compressed_size=491 bytes, uncompressed_size=822 bytes)
[debug] [2025-09-02T13:41:08.861Z] [unzip] Processing entry: client\browserconfig.xml
[debug] [2025-09-02T13:41:08.861Z] [unzip] else mkdir: C:\Users\WCWZ\.cache\firebase\emulators\ui-v1.15.0\client
[debug] [2025-09-02T13:41:08.861Z] [unzip] deflating: C:\Users\WCWZ\.cache\firebase\emulators\ui-v1.15.0\client\browserconfig.xml
[debug] [2025-09-02T13:41:08.862Z] [unzip] Entry: client/favicon-32x32.png (compressed_size=475 bytes, uncompressed_size=475 bytes)
[debug] [2025-09-02T13:41:08.862Z] [unzip] Processing entry: client\favicon-32x32.png
[debug] [2025-09-02T13:41:08.862Z] [unzip] else mkdir: C:\Users\WCWZ\.cache\firebase\emulators\ui-v1.15.0\client
[debug] [2025-09-02T13:41:08.862Z] [unzip] Writing file: C:\Users\WCWZ\.cache\firebase\emulators\ui-v1.15.0\client\favicon-32x32.png
[debug] [2025-09-02T13:41:08.863Z] [unzip] Entry: server/ (compressed_size=0 bytes, uncompressed_size=0 bytes)
[debug] [2025-09-02T13:41:08.863Z] [unzip] Processing entry: server\
[debug] [2025-09-02T13:41:08.863Z] [unzip] mkdir: C:\Users\WCWZ\.cache\firebase\emulators\ui-v1.15.0\server\
[debug] [2025-09-02T13:41:08.864Z] [unzip] Entry: server/server.mjs.map (compressed_size=217845 bytes, uncompressed_size=944978 bytes)
[debug] [2025-09-02T13:41:08.864Z] [unzip] Processing entry: server\server.mjs.map
[debug] [2025-09-02T13:41:08.864Z] [unzip] else mkdir: C:\Users\WCWZ\.cache\firebase\emulators\ui-v1.15.0\server
[debug] [2025-09-02T13:41:08.864Z] [unzip] deflating: C:\Users\WCWZ\.cache\firebase\emulators\ui-v1.15.0\server\server.mjs.map
[debug] [2025-09-02T13:41:08.870Z] [unzip] Entry: server/server.mjs (compressed_size=276407 bytes, uncompressed_size=933701 bytes)
[debug] [2025-09-02T13:41:08.870Z] [unzip] Processing entry: server\server.mjs
[debug] [2025-09-02T13:41:08.870Z] [unzip] else mkdir: C:\Users\WCWZ\.cache\firebase\emulators\ui-v1.15.0\server
[debug] [2025-09-02T13:41:08.871Z] [unzip] deflating: C:\Users\WCWZ\.cache\firebase\emulators\ui-v1.15.0\server\server.mjs
[info] i  ui: Removing outdated emulator files: ui-v1.14.0 {"metadata":{"emulator":{"name":"ui"},"message":"Removing outdated emulator files: ui-v1.14.0"}}
[info] i  ui: Removing outdated emulator files: ui-v1.14.0.zip {"metadata":{"emulator":{"name":"ui"},"message":"Removing outdated emulator files: ui-v1.14.0.zip"}}
[debug] [2025-09-02T13:41:08.912Z] Could not find VSCode notification endpoint: FetchError: request to http://localhost:40001/vscode/notify failed, reason: read ECONNRESET. If you are not running the Firebase Data Connect VSCode extension, this is expected and not an issue.
[info] 
┌─────────────────────────────────────────────────────────────┐
│ ✔  All emulators ready! It is now safe to connect your app. │
│ i  View Emulator UI at http://127.0.0.1:4000/               │
└─────────────────────────────────────────────────────────────┘

┌────────────────┬────────────────┬────────────────────────────┐
│ Emulator       │ Host:Port      │ View in Emulator UI        │
├────────────────┼────────────────┼────────────────────────────┤
│ Authentication │ 127.0.0.1:9099 │ http://127.0.0.1:4000/auth │
└────────────────┴────────────────┴────────────────────────────┘
  Emulator Hub host: 127.0.0.1 port: 4400
  Other reserved ports: 4500

Issues? Report them at https://github.com/firebase/firebase-tools/issues and attach the *-debug.log files.
 
[debug] [2025-09-02T13:52:33.623Z] Received signal SIGHUP 1
[info]  
[info] i  emulators: Received SIGHUP for the first time. Starting a clean shutdown. 
[info] i  emulators: Please wait for a clean shutdown or send the SIGHUP signal again to stop right now. 
[info] i  emulators: Shutting down emulators. {"metadata":{"emulator":{"name":"hub"},"message":"Shutting down emulators."}}
[info] i  ui: Stopping Emulator UI {"metadata":{"emulator":{"name":"ui"},"message":"Stopping Emulator UI"}}
[info] i  auth: Stopping Authentication Emulator {"metadata":{"emulator":{"name":"auth"},"message":"Stopping Authentication Emulator"}}
[info] i  hub: Stopping emulator hub {"metadata":{"emulator":{"name":"hub"},"message":"Stopping emulator hub"}}
[info] i  logging: Stopping Logging Emulator {"metadata":{"emulator":{"name":"logging"},"message":"Stopping Logging Emulator"}}
[debug] [2025-09-02T13:52:33.640Z] Could not find VSCode notification endpoint: FetchError: request to http://localhost:40001/vscode/notify failed, reason: read ECONNRESET. If you are not running the Firebase Data Connect VSCode extension, this is expected and not an issue.
